2021-12-25 22:06:16.061  INFO 19864 --- [restartedMain] tn.esprit.spring.ExerciceApplication     : Starting ExerciceApplication using Java 1.8.0_301 on LAPTOP-0QEFGS6U with PID 19864 (C:\work\workspace-sts\spring_boot_project-main\target\classes started by wassy in C:\work\workspace-sts\spring_boot_project-main)
2021-12-25 22:06:16.073  INFO 19864 --- [restartedMain] tn.esprit.spring.ExerciceApplication     : No active profile set, falling back to default profiles: default
2021-12-25 22:06:16.165  INFO 19864 --- [restartedMain] .e.DevToolsPropertyDefaultsPostProcessor : Devtools property defaults active! Set 'spring.devtools.add-properties' to 'false' to disable
2021-12-25 22:06:16.165  INFO 19864 --- [restartedMain] .e.DevToolsPropertyDefaultsPostProcessor : For additional web related logging consider setting the 'logging.level.web' property to 'DEBUG'
2021-12-25 22:06:17.867  INFO 19864 --- [restartedMain] .s.d.r.c.RepositoryConfigurationDelegate : Bootstrapping Spring Data JPA repositories in DEFAULT mode.
2021-12-25 22:06:18.022  INFO 19864 --- [restartedMain] .s.d.r.c.RepositoryConfigurationDelegate : Finished Spring Data repository scanning in 142 ms. Found 10 JPA repository interfaces.
2021-12-25 22:06:18.577  INFO 19864 --- [restartedMain] trationDelegate$BeanPostProcessorChecker : Bean 'org.springframework.ws.config.annotation.DelegatingWsConfiguration' of type [org.springframework.ws.config.annotation.DelegatingWsConfiguration$$EnhancerBySpringCGLIB$$633df6cb] is not eligible for getting processed by all BeanPostProcessors (for example: not eligible for auto-proxying)
2021-12-25 22:06:18.687  INFO 19864 --- [restartedMain] .w.s.a.s.AnnotationActionEndpointMapping : Supporting [WS-Addressing August 2004, WS-Addressing 1.0]
2021-12-25 22:06:19.029  INFO 19864 --- [restartedMain] trationDelegate$BeanPostProcessorChecker : Bean 'org.springframework.security.access.expression.method.DefaultMethodSecurityExpressionHandler@57ee407d' of type [org.springframework.security.access.expression.method.DefaultMethodSecurityExpressionHandler] is not eligible for getting processed by all BeanPostProcessors (for example: not eligible for auto-proxying)
2021-12-25 22:06:19.042  INFO 19864 --- [restartedMain] trationDelegate$BeanPostProcessorChecker : Bean 'methodSecurityMetadataSource' of type [org.springframework.security.access.method.DelegatingMethodSecurityMetadataSource] is not eligible for getting processed by all BeanPostProcessors (for example: not eligible for auto-proxying)
2021-12-25 22:06:19.919  INFO 19864 --- [restartedMain] o.s.b.w.embedded.tomcat.TomcatWebServer  : Tomcat initialized with port(s): 8080 (http)
2021-12-25 22:06:19.938  INFO 19864 --- [restartedMain] o.apache.catalina.core.StandardService   : Starting service [Tomcat]
2021-12-25 22:06:19.939  INFO 19864 --- [restartedMain] org.apache.catalina.core.StandardEngine  : Starting Servlet engine: [Apache Tomcat/9.0.53]
2021-12-25 22:06:20.095  INFO 19864 --- [restartedMain] o.a.c.c.C.[Tomcat].[localhost].[/]       : Initializing Spring embedded WebApplicationContext
2021-12-25 22:06:20.095  INFO 19864 --- [restartedMain] w.s.c.ServletWebServerApplicationContext : Root WebApplicationContext: initialization completed in 3929 ms
2021-12-25 22:06:20.622  INFO 19864 --- [restartedMain] o.hibernate.jpa.internal.util.LogHelper  : HHH000204: Processing PersistenceUnitInfo [name: default]
2021-12-25 22:06:20.728  INFO 19864 --- [restartedMain] org.hibernate.Version                    : HHH000412: Hibernate ORM core version 5.4.32.Final
2021-12-25 22:06:21.071  INFO 19864 --- [restartedMain] o.hibernate.annotations.common.Version   : HCANN000001: Hibernate Commons Annotations {5.1.2.Final}
2021-12-25 22:06:21.279  INFO 19864 --- [restartedMain] com.zaxxer.hikari.HikariDataSource       : HikariPool-1 - Starting...
2021-12-25 22:06:21.584  INFO 19864 --- [restartedMain] com.zaxxer.hikari.HikariDataSource       : HikariPool-1 - Start completed.
2021-12-25 22:06:21.633  INFO 19864 --- [restartedMain] org.hibernate.dialect.Dialect            : HHH000400: Using dialect: org.hibernate.dialect.MySQL5Dialect
2021-12-25 22:06:23.485  INFO 19864 --- [restartedMain] o.h.e.t.j.p.i.JtaPlatformInitiator       : HHH000490: Using JtaPlatform implementation: [org.hibernate.engine.transaction.jta.platform.internal.NoJtaPlatform]
2021-12-25 22:06:23.494  INFO 19864 --- [restartedMain] j.LocalContainerEntityManagerFactoryBean : Initialized JPA EntityManagerFactory for persistence unit 'default'
2021-12-25 22:06:23.696  WARN 19864 --- [restartedMain] JpaBaseConfiguration$JpaWebConfiguration : spring.jpa.open-in-view is enabled by default. Therefore, database queries may be performed during view rendering. Explicitly configure spring.jpa.open-in-view to disable this warning
2021-12-25 22:06:24.968  WARN 19864 --- [restartedMain] o.h.dialect.function.TemplateRenderer    : HHH000174: Function template anticipated 3 arguments, but 2 arguments encountered
2021-12-25 22:06:25.816  INFO 19864 --- [restartedMain] o.s.s.web.DefaultSecurityFilterChain     : Will secure any request with [org.springframework.security.web.context.request.async.WebAsyncManagerIntegrationFilter@b735419, org.springframework.security.web.context.SecurityContextPersistenceFilter@19c4867f, org.springframework.security.web.header.HeaderWriterFilter@7e70841c, org.springframework.web.filter.CorsFilter@2329304b, org.springframework.security.web.authentication.logout.LogoutFilter@683e5a6a, org.springframework.security.web.authentication.www.BasicAuthenticationFilter@4708ca94, org.springframework.security.web.savedrequest.RequestCacheAwareFilter@5f8f2373, org.springframework.security.web.servletapi.SecurityContextHolderAwareRequestFilter@222f7a3d, org.springframework.security.web.authentication.AnonymousAuthenticationFilter@2c70cdf0, org.springframework.security.web.session.SessionManagementFilter@2b5af95c, org.springframework.security.web.access.ExceptionTranslationFilter@88f1c86, org.springframework.security.web.access.intercept.FilterSecurityInterceptor@25c2a6f1]
2021-12-25 22:06:25.879  INFO 19864 --- [restartedMain] pertySourcedRequestMappingHandlerMapping : Mapped URL path [/v2/api-docs] onto method [springfox.documentation.swagger2.web.Swagger2Controller#getDocumentation(String, HttpServletRequest)]
2021-12-25 22:06:26.088  INFO 19864 --- [restartedMain] o.s.b.d.a.OptionalLiveReloadServer       : LiveReload server is running on port 35729
2021-12-25 22:06:26.472  INFO 19864 --- [restartedMain] o.s.b.w.embedded.tomcat.TomcatWebServer  : Tomcat started on port(s): 8080 (http) with context path ''
2021-12-25 22:06:26.473  INFO 19864 --- [restartedMain] d.s.w.p.DocumentationPluginsBootstrapper : Context refreshed
2021-12-25 22:06:26.500  INFO 19864 --- [restartedMain] d.s.w.p.DocumentationPluginsBootstrapper : Found 1 custom documentation plugin(s)
2021-12-25 22:06:26.526  INFO 19864 --- [restartedMain] s.d.s.w.s.ApiListingReferenceScanner     : Scanning for api listing references
2021-12-25 22:06:26.768  INFO 19864 --- [restartedMain] .d.s.w.r.o.CachingOperationNameGenerator : Generating unique operation named: count7UsingGET_1
2021-12-25 22:06:26.829  INFO 19864 --- [restartedMain] .d.s.w.r.o.CachingOperationNameGenerator : Generating unique operation named: ajoutProduitUsingPOST_1
2021-12-25 22:06:26.836  INFO 19864 --- [restartedMain] .d.s.w.r.o.CachingOperationNameGenerator : Generating unique operation named: getProduitUsingGET_1
2021-12-25 22:06:26.862  INFO 19864 --- [restartedMain] .d.s.w.r.o.CachingOperationNameGenerator : Generating unique operation named: findProduitUsingGET_1
2021-12-25 22:06:26.893  INFO 19864 --- [restartedMain] tn.esprit.spring.ExerciceApplication     : Started ExerciceApplication in 11.474 seconds (JVM running for 13.104)
2021-12-25 22:07:27.057  INFO 20228 --- [main] tn.esprit.spring.Stocktest               : Starting Stocktest using Java 1.8.0_301 on LAPTOP-0QEFGS6U with PID 20228 (started by wassy in C:\work\workspace-sts\spring_boot_project-main)
2021-12-25 22:07:27.062  INFO 20228 --- [main] tn.esprit.spring.Stocktest               : No active profile set, falling back to default profiles: default
2021-12-25 22:07:28.503  INFO 20228 --- [main] .s.d.r.c.RepositoryConfigurationDelegate : Bootstrapping Spring Data JPA repositories in DEFAULT mode.
2021-12-25 22:07:28.728  INFO 20228 --- [main] .s.d.r.c.RepositoryConfigurationDelegate : Finished Spring Data repository scanning in 211 ms. Found 10 JPA repository interfaces.
2021-12-25 22:07:29.317  INFO 20228 --- [main] trationDelegate$BeanPostProcessorChecker : Bean 'org.springframework.ws.config.annotation.DelegatingWsConfiguration' of type [org.springframework.ws.config.annotation.DelegatingWsConfiguration$$EnhancerBySpringCGLIB$$e45a2d62] is not eligible for getting processed by all BeanPostProcessors (for example: not eligible for auto-proxying)
2021-12-25 22:07:29.396  INFO 20228 --- [main] .w.s.a.s.AnnotationActionEndpointMapping : Supporting [WS-Addressing August 2004, WS-Addressing 1.0]
2021-12-25 22:07:29.657  INFO 20228 --- [main] trationDelegate$BeanPostProcessorChecker : Bean 'org.springframework.security.access.expression.method.DefaultMethodSecurityExpressionHandler@4601203a' of type [org.springframework.security.access.expression.method.DefaultMethodSecurityExpressionHandler] is not eligible for getting processed by all BeanPostProcessors (for example: not eligible for auto-proxying)
2021-12-25 22:07:29.682  INFO 20228 --- [main] trationDelegate$BeanPostProcessorChecker : Bean 'methodSecurityMetadataSource' of type [org.springframework.security.access.method.DelegatingMethodSecurityMetadataSource] is not eligible for getting processed by all BeanPostProcessors (for example: not eligible for auto-proxying)
2021-12-25 22:07:30.289  INFO 20228 --- [main] o.hibernate.jpa.internal.util.LogHelper  : HHH000204: Processing PersistenceUnitInfo [name: default]
2021-12-25 22:07:30.417  INFO 20228 --- [main] org.hibernate.Version                    : HHH000412: Hibernate ORM core version 5.4.32.Final
2021-12-25 22:07:30.650  INFO 20228 --- [main] o.hibernate.annotations.common.Version   : HCANN000001: Hibernate Commons Annotations {5.1.2.Final}
2021-12-25 22:07:31.156  INFO 20228 --- [main] com.zaxxer.hikari.HikariDataSource       : HikariPool-1 - Starting...
2021-12-25 22:07:31.406  INFO 20228 --- [main] com.zaxxer.hikari.HikariDataSource       : HikariPool-1 - Start completed.
2021-12-25 22:07:31.429  INFO 20228 --- [main] org.hibernate.dialect.Dialect            : HHH000400: Using dialect: org.hibernate.dialect.MySQL5Dialect
2021-12-25 22:07:33.147  INFO 20228 --- [main] o.h.e.t.j.p.i.JtaPlatformInitiator       : HHH000490: Using JtaPlatform implementation: [org.hibernate.engine.transaction.jta.platform.internal.NoJtaPlatform]
2021-12-25 22:07:33.160  INFO 20228 --- [main] j.LocalContainerEntityManagerFactoryBean : Initialized JPA EntityManagerFactory for persistence unit 'default'
2021-12-25 22:07:33.431  WARN 20228 --- [main] JpaBaseConfiguration$JpaWebConfiguration : spring.jpa.open-in-view is enabled by default. Therefore, database queries may be performed during view rendering. Explicitly configure spring.jpa.open-in-view to disable this warning
2021-12-25 22:07:35.057  WARN 20228 --- [main] o.h.dialect.function.TemplateRenderer    : HHH000174: Function template anticipated 3 arguments, but 2 arguments encountered
2021-12-25 22:07:36.252  INFO 20228 --- [main] o.s.s.web.DefaultSecurityFilterChain     : Will secure any request with [org.springframework.security.web.context.request.async.WebAsyncManagerIntegrationFilter@48b9773b, org.springframework.security.web.context.SecurityContextPersistenceFilter@34ede267, org.springframework.security.web.header.HeaderWriterFilter@71f4aeb6, org.springframework.web.filter.CorsFilter@43ca96a0, org.springframework.security.web.authentication.logout.LogoutFilter@5810772a, org.springframework.security.web.authentication.www.BasicAuthenticationFilter@f60c14e, org.springframework.security.web.savedrequest.RequestCacheAwareFilter@51c6e775, org.springframework.security.web.servletapi.SecurityContextHolderAwareRequestFilter@77ebc9e6, org.springframework.security.web.authentication.AnonymousAuthenticationFilter@7c68a63c, org.springframework.security.web.session.SessionManagementFilter@4c3fcbe7, org.springframework.security.web.access.ExceptionTranslationFilter@77e1dacd, org.springframework.security.web.access.intercept.FilterSecurityInterceptor@233ece92]
2021-12-25 22:07:36.346  INFO 20228 --- [main] pertySourcedRequestMappingHandlerMapping : Mapped URL path [/v2/api-docs] onto method [springfox.documentation.swagger2.web.Swagger2Controller#getDocumentation(String, HttpServletRequest)]
2021-12-25 22:07:37.326  INFO 20228 --- [main] d.s.w.p.DocumentationPluginsBootstrapper : Context refreshed
2021-12-25 22:07:37.353  INFO 20228 --- [main] d.s.w.p.DocumentationPluginsBootstrapper : Found 1 custom documentation plugin(s)
2021-12-25 22:07:37.397  INFO 20228 --- [main] s.d.s.w.s.ApiListingReferenceScanner     : Scanning for api listing references
2021-12-25 22:07:37.721  INFO 20228 --- [main] .d.s.w.r.o.CachingOperationNameGenerator : Generating unique operation named: count7UsingGET_1
2021-12-25 22:07:37.777  INFO 20228 --- [main] .d.s.w.r.o.CachingOperationNameGenerator : Generating unique operation named: ajoutProduitUsingPOST_1
2021-12-25 22:07:37.784  INFO 20228 --- [main] .d.s.w.r.o.CachingOperationNameGenerator : Generating unique operation named: getProduitUsingGET_1
2021-12-25 22:07:37.823  INFO 20228 --- [main] .d.s.w.r.o.CachingOperationNameGenerator : Generating unique operation named: findProduitUsingGET_1
2021-12-25 22:07:37.856  INFO 20228 --- [main] tn.esprit.spring.Stocktest               : Started Stocktest in 11.251 seconds (JVM running for 13.072)
2021-12-25 22:07:38.008  INFO 20228 --- [main] t.e.spring.service.StockServiceimpl      : stock ajoutéStock(idStock=null, qte=5, qteMin=6, libelleStock=libelleStock, Produits=null)
2021-12-25 22:07:38.159  INFO 20228 --- [SpringApplicationShutdownHook] j.LocalContainerEntityManagerFactoryBean : Closing JPA EntityManagerFactory for persistence unit 'default'
2021-12-25 22:07:38.161  INFO 20228 --- [SpringApplicationShutdownHook] com.zaxxer.hikari.HikariDataSource       : HikariPool-1 - Shutdown initiated...
2021-12-25 22:07:38.174  INFO 20228 --- [SpringApplicationShutdownHook] com.zaxxer.hikari.HikariDataSource       : HikariPool-1 - Shutdown completed.
